2025-10-18 11:11:13,814 - INFO - Database initialized successfully
2025-10-18 11:11:36,443 - INFO - Database initialized successfully
2025-11-25 12:43:44,031 - INFO - Database initialized successfully
2025-11-25 12:55:17,346 - INFO - Database initialized successfully
2025-11-25 12:58:30,254 - INFO - Database initialized successfully
2025-11-25 12:58:33,985 - INFO - User authenticated: quan
2025-11-25 12:58:33,985 - INFO - User logged in: quan
2025-11-25 12:58:37,217 - INFO - generated new fontManager
2025-11-25 12:58:38,675 - INFO - Dashboard data refreshed
2025-11-25 12:58:38,713 - INFO - Dashboard data refreshed
2025-11-25 13:11:32,810 - INFO - Database initialized successfully
2025-11-25 13:11:37,665 - INFO - User authenticated: quan
2025-11-25 13:11:37,666 - INFO - User logged in: quan
2025-11-25 13:11:39,229 - INFO - generated new fontManager
2025-11-25 13:11:40,643 - INFO - Dashboard data refreshed
2025-11-25 13:11:40,676 - INFO - Dashboard data refreshed
2025-11-25 13:11:45,579 - INFO - Refreshed history data: weight
2025-11-25 13:11:47,032 - INFO - Refreshed weight_trend chart for week
2025-11-25 13:11:54,515 - INFO - Chart saved as: health_chart_20251125_131152.png
2025-12-04 12:50:25,992 - INFO - Database initialized successfully
2025-12-04 12:50:30,906 - INFO - User authenticated: quan
2025-12-04 12:50:30,906 - INFO - User logged in: quan
2025-12-04 12:50:33,646 - INFO - generated new fontManager
2025-12-04 12:50:35,101 - INFO - Dashboard data refreshed
2025-12-04 12:50:35,121 - INFO - Dashboard data refreshed
2025-12-04 12:50:55,134 - INFO - Dashboard data refreshed
2025-12-04 12:51:03,970 - INFO - Dashboard data refreshed
2025-12-04 12:51:06,055 - INFO - Refreshed history data: weight
2025-12-04 12:51:09,212 - INFO - Dashboard data refreshed
2025-12-04 12:51:13,065 - INFO - Dashboard data refreshed
2025-12-04 12:51:45,035 - INFO - Dashboard data refreshed
2025-12-04 12:53:06,938 - INFO - Database initialized successfully
2025-12-04 12:53:11,998 - INFO - User authenticated: quan
2025-12-04 12:53:11,998 - INFO - User logged in: quan
2025-12-04 12:53:13,425 - INFO - generated new fontManager
2025-12-04 12:53:15,475 - INFO - Dashboard data refreshed
2025-12-04 12:53:15,529 - INFO - Dashboard data refreshed
2025-12-04 12:53:27,149 - INFO - Refreshed history data: weight
